Logfile initialized
[INFO] logfile = /Users/Development/Documents/Titanium Studio Workspace/FridayLunch/build.log
[DEBUG] /Library/Application Support/Titanium/mobilesdk/osx/1.7.2/android/builder.py simulator FridayLunch /DeveloperAndroid/android-sdk-mac_x86 /Users/Development/Documents/Titanium Studio Workspace/FridayLunch com.gospelapps.fridaylunch 5 HVGA 
[INFO] Building FridayLunch for Android ... one moment
[INFO] Titanium SDK version: 1.7.2 (07/21/11 09:36 97c3689)
[DEBUG] Waiting for device to be ready ...
[TRACE] adb devices returned 1 devices/emulators
[TRACE] adb devices returned 1 devices/emulators
[TRACE] adb devices returned 1 devices/emulators
[TRACE] adb devices returned 1 devices/emulators
[TRACE] adb devices returned 1 devices/emulators
[TRACE] adb devices returned 1 devices/emulators
[TRACE] adb devices returned 1 devices/emulators
[DEBUG] Device connected... (waited 30 seconds)
[DEBUG] waited 30.097195 seconds on emulator to get ready
[INFO] Waiting for the Android Emulator to become available
[DEBUG] com.gospelapps.fridaylunch installed? True
[INFO] Fastdev server running, deploying in Fastdev mode
[INFO] Copying project resources..
[TRACE] COPYING MODIFIED FILE: /Users/Development/Documents/Titanium Studio Workspace/FridayLunch/Resources/app.js => /Users/Development/Documents/Titanium Studio Workspace/FridayLunch/build/android/bin/assets/Resources/app.js
[TRACE] COPYING MODIFIED FILE: /Users/Development/Documents/Titanium Studio Workspace/FridayLunch/Resources/details.js => /Users/Development/Documents/Titanium Studio Workspace/FridayLunch/build/android/bin/assets/Resources/details.js
[INFO] Tiapp.xml unchanged, skipping class generation
[DEBUG] Processing Android resource drawables
[DEBUG] found drawable-long-land-hdpi splash screen at /Users/Development/Documents/Titanium Studio Workspace/FridayLunch/Resources/android/images/res-long-land-hdpi/default.png
[DEBUG] found drawable-long-land-ldpi splash screen at /Users/Development/Documents/Titanium Studio Workspace/FridayLunch/Resources/android/images/res-long-land-ldpi/default.png
[DEBUG] found drawable-long-port-hdpi splash screen at /Users/Development/Documents/Titanium Studio Workspace/FridayLunch/Resources/android/images/res-long-port-hdpi/default.png
[DEBUG] found drawable-long-port-ldpi splash screen at /Users/Development/Documents/Titanium Studio Workspace/FridayLunch/Resources/android/images/res-long-port-ldpi/default.png
[DEBUG] found drawable-notlong-land-hdpi splash screen at /Users/Development/Documents/Titanium Studio Workspace/FridayLunch/Resources/android/images/res-notlong-land-hdpi/default.png
[DEBUG] found drawable-notlong-land-ldpi splash screen at /Users/Development/Documents/Titanium Studio Workspace/FridayLunch/Resources/android/images/res-notlong-land-ldpi/default.png
[DEBUG] found drawable-notlong-land-mdpi splash screen at /Users/Development/Documents/Titanium Studio Workspace/FridayLunch/Resources/android/images/res-notlong-land-mdpi/default.png
[DEBUG] found drawable-notlong-port-hdpi splash screen at /Users/Development/Documents/Titanium Studio Workspace/FridayLunch/Resources/android/images/res-notlong-port-hdpi/default.png
[DEBUG] found drawable-notlong-port-ldpi splash screen at /Users/Development/Documents/Titanium Studio Workspace/FridayLunch/Resources/android/images/res-notlong-port-ldpi/default.png
[DEBUG] found drawable-notlong-port-mdpi splash screen at /Users/Development/Documents/Titanium Studio Workspace/FridayLunch/Resources/android/images/res-notlong-port-mdpi/default.png
[INFO] Waiting for SDCard to become available..
[INFO] Re-launching application ... FridayLunch
[INFO] Launching application ... FridayLunch
[TRACE] Launch output: Starting: Intent { act=android.intent.action.MAIN cat=[android.intent.category.LAUNCHER] cmp=com.gospelapps.fridaylunch/.FridaylunchActivity }

